<?xml version="1.0" encoding="UTF-8"?>
<testsuite xmlns:xsi="http://www.w3.org/2001/XMLSchema-instance" xsi:noNamespaceSchemaLocation="https://maven.apache.org/surefire/maven-surefire-plugin/xsd/surefire-test-report.xsd" name="com.calebmt.calalarm.AppTest" time="0.028" tests="1" errors="0" skipped="0" failures="0">
  <properties>
    <property name="java.specification.version" value="18"/>
    <property name="sun.jnu.encoding" value="UTF-8"/>
    <property name="java.class.path" value="/home/calebt/Nextcloud/repos/calalarm-desktop/target/test-classes:/home/calebt/Nextcloud/repos/calalarm-desktop/target/classes:/home/calebt/.m2/repository/junit/junit/4.11/junit-4.11.jar:/home/calebt/.m2/repository/org/hamcrest/hamcrest-core/1.3/hamcrest-core-1.3.jar:/home/calebt/.m2/repository/org/openjfx/javafx-controls/19-ea+8/javafx-controls-19-ea+8.jar:/home/calebt/.m2/repository/org/openjfx/javafx-controls/19-ea+8/javafx-controls-19-ea+8-linux.jar:/home/calebt/.m2/repository/org/openjfx/javafx-graphics/19-ea+8/javafx-graphics-19-ea+8.jar:/home/calebt/.m2/repository/org/openjfx/javafx-graphics/19-ea+8/javafx-graphics-19-ea+8-linux.jar:/home/calebt/.m2/repository/org/openjfx/javafx-base/19-ea+8/javafx-base-19-ea+8.jar:/home/calebt/.m2/repository/org/openjfx/javafx-base/19-ea+8/javafx-base-19-ea+8-linux.jar:/home/calebt/.m2/repository/com/github/caldav4j/caldav4j/1.0.5/caldav4j-1.0.5.jar:/home/calebt/.m2/repository/org/slf4j/slf4j-api/1.7.25/slf4j-api-1.7.25.jar:/home/calebt/.m2/repository/org/mnode/ical4j/ical4j/3.0.1/ical4j-3.0.1.jar:/home/calebt/.m2/repository/commons-codec/commons-codec/1.10/commons-codec-1.10.jar:/home/calebt/.m2/repository/org/apache/commons/commons-lang3/3.6/commons-lang3-3.6.jar:/home/calebt/.m2/repository/org/apache/commons/commons-collections4/4.1/commons-collections4-4.1.jar:/home/calebt/.m2/repository/org/apache/jackrabbit/jackrabbit-webdav/2.17.7/jackrabbit-webdav-2.17.7.jar:/home/calebt/.m2/repository/org/slf4j/jcl-over-slf4j/1.7.27/jcl-over-slf4j-1.7.27.jar:/home/calebt/.m2/repository/org/apache/httpcomponents/httpclient/4.5.13/httpclient-4.5.13.jar:/home/calebt/.m2/repository/org/apache/httpcomponents/httpcore/4.4.13/httpcore-4.4.13.jar:/home/calebt/.m2/repository/net/sf/ehcache/ehcache/2.10.6/ehcache-2.10.6.jar:/home/calebt/.m2/repository/org/jsoup/jsoup/1.15.2/jsoup-1.15.2.jar:"/>
    <property name="java.vm.vendor" value="Oracle Corporation"/>
    <property name="sun.arch.data.model" value="64"/>
    <property name="java.vendor.url" value="https://openjdk.java.net/"/>
    <property name="os.name" value="Linux"/>
    <property name="java.vm.specification.version" value="18"/>
    <property name="sun.java.launcher" value="SUN_STANDARD"/>
    <property name="user.country" value="US"/>
    <property name="sun.boot.library.path" value="/usr/lib/jvm/java-18-openjdk/lib"/>
    <property name="sun.java.command" value="/home/calebt/Nextcloud/repos/calalarm-desktop/target/surefire/surefirebooter12349834231741568020.jar /home/calebt/Nextcloud/repos/calalarm-desktop/target/surefire 2022-07-11T19-54-28_029-jvmRun1 surefire9337588741187398107tmp surefire_013528831015356295176tmp"/>
    <property name="jdk.debug" value="release"/>
    <property name="surefire.test.class.path" value="/home/calebt/Nextcloud/repos/calalarm-desktop/target/test-classes:/home/calebt/Nextcloud/repos/calalarm-desktop/target/classes:/home/calebt/.m2/repository/junit/junit/4.11/junit-4.11.jar:/home/calebt/.m2/repository/org/hamcrest/hamcrest-core/1.3/hamcrest-core-1.3.jar:/home/calebt/.m2/repository/org/openjfx/javafx-controls/19-ea+8/javafx-controls-19-ea+8.jar:/home/calebt/.m2/repository/org/openjfx/javafx-controls/19-ea+8/javafx-controls-19-ea+8-linux.jar:/home/calebt/.m2/repository/org/openjfx/javafx-graphics/19-ea+8/javafx-graphics-19-ea+8.jar:/home/calebt/.m2/repository/org/openjfx/javafx-graphics/19-ea+8/javafx-graphics-19-ea+8-linux.jar:/home/calebt/.m2/repository/org/openjfx/javafx-base/19-ea+8/javafx-base-19-ea+8.jar:/home/calebt/.m2/repository/org/openjfx/javafx-base/19-ea+8/javafx-base-19-ea+8-linux.jar:/home/calebt/.m2/repository/com/github/caldav4j/caldav4j/1.0.5/caldav4j-1.0.5.jar:/home/calebt/.m2/repository/org/slf4j/slf4j-api/1.7.25/slf4j-api-1.7.25.jar:/home/calebt/.m2/repository/org/mnode/ical4j/ical4j/3.0.1/ical4j-3.0.1.jar:/home/calebt/.m2/repository/commons-codec/commons-codec/1.10/commons-codec-1.10.jar:/home/calebt/.m2/repository/org/apache/commons/commons-lang3/3.6/commons-lang3-3.6.jar:/home/calebt/.m2/repository/org/apache/commons/commons-collections4/4.1/commons-collections4-4.1.jar:/home/calebt/.m2/repository/org/apache/jackrabbit/jackrabbit-webdav/2.17.7/jackrabbit-webdav-2.17.7.jar:/home/calebt/.m2/repository/org/slf4j/jcl-over-slf4j/1.7.27/jcl-over-slf4j-1.7.27.jar:/home/calebt/.m2/repository/org/apache/httpcomponents/httpclient/4.5.13/httpclient-4.5.13.jar:/home/calebt/.m2/repository/org/apache/httpcomponents/httpcore/4.4.13/httpcore-4.4.13.jar:/home/calebt/.m2/repository/net/sf/ehcache/ehcache/2.10.6/ehcache-2.10.6.jar:/home/calebt/.m2/repository/org/jsoup/jsoup/1.15.2/jsoup-1.15.2.jar:"/>
    <property name="sun.cpu.endian" value="little"/>
    <property name="user.home" value="/home/calebt"/>
    <property name="user.language" value="en"/>
    <property name="java.specification.vendor" value="Oracle Corporation"/>
    <property name="java.version.date" value="2022-04-22"/>
    <property name="java.home" value="/usr/lib/jvm/java-18-openjdk"/>
    <property name="file.separator" value="/"/>
    <property name="basedir" value="/home/calebt/Nextcloud/repos/calalarm-desktop"/>
    <property name="java.vm.compressedOopsMode" value="Zero based"/>
    <property name="line.separator" value="&#10;"/>
    <property name="java.vm.specification.vendor" value="Oracle Corporation"/>
    <property name="java.specification.name" value="Java Platform API Specification"/>
    <property name="surefire.real.class.path" value="/home/calebt/Nextcloud/repos/calalarm-desktop/target/surefire/surefirebooter12349834231741568020.jar"/>
    <property name="sun.management.compiler" value="HotSpot 64-Bit Tiered Compilers"/>
    <property name="java.runtime.version" value="18.0.1.1+2"/>
    <property name="user.name" value="calebt"/>
    <property name="path.separator" value=":"/>
    <property name="os.version" value="5.15.50-1-MANJARO"/>
    <property name="java.runtime.name" value="OpenJDK Runtime Environment"/>
    <property name="file.encoding" value="UTF-8"/>
    <property name="java.vm.name" value="OpenJDK 64-Bit Server VM"/>
    <property name="localRepository" value="/home/calebt/.m2/repository"/>
    <property name="java.vendor.url.bug" value="https://bugreport.java.com/bugreport/"/>
    <property name="java.io.tmpdir" value="/tmp"/>
    <property name="java.version" value="18.0.1.1"/>
    <property name="user.dir" value="/home/calebt/Nextcloud/repos/calalarm-desktop"/>
    <property name="os.arch" value="amd64"/>
    <property name="java.vm.specification.name" value="Java Virtual Machine Specification"/>
    <property name="native.encoding" value="UTF-8"/>
    <property name="java.library.path" value="/usr/java/packages/lib:/usr/lib64:/lib64:/lib:/usr/lib"/>
    <property name="java.vm.info" value="mixed mode"/>
    <property name="java.vendor" value="N/A"/>
    <property name="java.vm.version" value="18.0.1.1+2"/>
    <property name="sun.io.unicode.encoding" value="UnicodeLittle"/>
    <property name="java.class.version" value="62.0"/>
  </properties>
  <testcase name="shouldAnswerWithTrue" classname="com.calebmt.calalarm.AppTest" time="0.003"/>
</testsuite>